# JRE version: OpenJDK Runtime Environment (8.0_152-b01) (build 1.8.0_152-release-915-b01)
# Java VM: OpenJDK 64-Bit Server VM (25.152-b01 mixed mode windows-amd64 compressed oops)
Heap:
 PSYoungGen      total 199168K, used 9468K [0x00000000e0000000, 0x00000000ee300000, 0x0000000100000000)
  eden space 187904K, 5% used [0x00000000e0000000,0x00000000e093f0a8,0x00000000eb780000)
  from space 11264K, 0% used [0x00000000ed800000,0x00000000ed800000,0x00000000ee300000)
  to   space 15872K, 0% used [0x00000000ec400000,0x00000000ec400000,0x00000000ed380000)
 ParOldGen       total 101888K, used 50133K [0x00000000a0000000, 0x00000000a6380000, 0x00000000e0000000)
  object space 101888K, 49% used [0x00000000a0000000,0x00000000a30f5578,0x00000000a6380000)
 Metaspace       used 82231K, capacity 88112K, committed 92888K, reserved 1130496K
  class space    used 10323K, capacity 11576K, committed 12544K, reserved 1048576K
GC Heap History (10 events):
Event: 8270.608 GC heap before
{Heap before GC invocations=48 (full 3):
 PSYoungGen      total 231936K, used 229728K [0x00000000e0000000, 0x00000000ef180000, 0x0000000100000000)
  eden space 223744K, 100% used [0x00000000e0000000,0x00000000eda80000,0x00000000eda80000)
  from space 8192K, 73% used [0x00000000ee980000,0x00000000eef582f8,0x00000000ef180000)
  to   space 11776K, 0% used [0x00000000eda80000,0x00000000eda80000,0x00000000ee600000)
 ParOldGen       total 81408K, used 73819K [0x00000000a0000000, 0x00000000a4f80000, 0x00000000e0000000)
  object space 81408K, 90% used [0x00000000a0000000,0x00000000a4816e20,0x00000000a4f80000)
 Metaspace       used 81620K, capacity 87580K, committed 87768K, reserved 1126400K
  class space    used 10384K, capacity 11705K, committed 11776K, reserved 1048576K
Event: 8270.707 GC heap after
Heap after GC invocations=48 (full 3):
 PSYoungGen      total 222208K, used 8125K [0x00000000e0000000, 0x00000000eea00000, 0x0000000100000000)
  eden space 214016K, 0% used [0x00000000e0000000,0x00000000e0000000,0x00000000ed100000)
  from space 8192K, 99% used [0x00000000eda80000,0x00000000ee26f760,0x00000000ee280000)
  to   space 7680K, 0% used [0x00000000ee280000,0x00000000ee280000,0x00000000eea00000)
 ParOldGen       total 81408K, used 73827K [0x00000000a0000000, 0x00000000a4f80000, 0x00000000e0000000)
  object space 81408K, 90% used [0x00000000a0000000,0x00000000a4818e20,0x00000000a4f80000)
 Metaspace       used 81620K, capacity 87580K, committed 87768K, reserved 1126400K
  class space    used 10384K, capacity 11705K, committed 11776K, reserved 1048576K
}
Event: 8378.698 GC heap before
{Heap before GC invocations=49 (full 3):
 PSYoungGen      total 222208K, used 222141K [0x00000000e0000000, 0x00000000eea00000, 0x0000000100000000)
  eden space 214016K, 100% used [0x00000000e0000000,0x00000000ed100000,0x00000000ed100000)
  from space 8192K, 99% used [0x00000000eda80000,0x00000000ee26f760,0x00000000ee280000)
  to   space 7680K, 0% used [0x00000000ee280000,0x00000000ee280000,0x00000000eea00000)
 ParOldGen       total 81408K, used 73827K [0x00000000a0000000, 0x00000000a4f80000, 0x00000000e0000000)
  object space 81408K, 90% used [0x00000000a0000000,0x00000000a4818e20,0x00000000a4f80000)
 Metaspace       used 81991K, capacity 88232K, committed 88408K, reserved 1126400K
  class space    used 10423K, capacity 11812K, committed 11904K, reserved 1048576K
Event: 8378.723 GC heap after
Heap after GC invocations=49 (full 3):
 PSYoungGen      total 211456K, used 6570K [0x00000000e0000000, 0x00000000ee900000, 0x0000000100000000)
  eden space 204800K, 0% used [0x00000000e0000000,0x00000000e0000000,0x00000000ec800000)
  from space 6656K, 98% used [0x00000000ee280000,0x00000000ee8eaae0,0x00000000ee900000)
  to   space 12288K, 0% used [0x00000000ed100000,0x00000000ed100000,0x00000000edd00000)
 ParOldGen       total 81408K, used 73835K [0x00000000a0000000, 0x00000000a4f80000, 0x00000000e0000000)
  object space 81408K, 90% used [0x00000000a0000000,0x00000000a481ae20,0x00000000a4f80000)
 Metaspace       used 81991K, capacity 88232K, committed 88408K, reserved 1126400K
  class space    used 10423K, capacity 11812K, committed 11904K, reserved 1048576K
}
Event: 8539.023 GC heap before
{Heap before GC invocations=50 (full 3):
 PSYoungGen      total 211456K, used 211370K [0x00000000e0000000, 0x00000000ee900000, 0x0000000100000000)
  eden space 204800K, 100% used [0x00000000e0000000,0x00000000ec800000,0x00000000ec800000)
  from space 6656K, 98% used [0x00000000ee280000,0x00000000ee8eaae0,0x00000000ee900000)
  to   space 12288K, 0% used [0x00000000ed100000,0x00000000ed100000,0x00000000edd00000)
 ParOldGen       total 81408K, used 73835K [0x00000000a0000000, 0x00000000a4f80000, 0x00000000e0000000)
  object space 81408K, 90% used [0x00000000a0000000,0x00000000a481ae20,0x00000000a4f80000)
 Metaspace       used 82223K, capacity 88764K, committed 89048K, reserved 1126400K
  class space    used 10465K, capacity 11910K, committed 12032K, reserved 1048576K
Event: 8539.040 GC heap after
Heap after GC invocations=50 (full 3):
 PSYoungGen      total 203264K, used 7082K [0x00000000e0000000, 0x00000000ee300000, 0x0000000100000000)
  eden space 196096K, 0% used [0x00000000e0000000,0x00000000e0000000,0x00000000ebf80000)
  from space 7168K, 98% used [0x00000000ed100000,0x00000000ed7ea930,0x00000000ed800000)
  to   space 11264K, 0% used [0x00000000ed800000,0x00000000ed800000,0x00000000ee300000)
 ParOldGen       total 81408K, used 73843K [0x00000000a0000000, 0x00000000a4f80000, 0x00000000e0000000)
  object space 81408K, 90% used [0x00000000a0000000,0x00000000a481ce20,0x00000000a4f80000)
 Metaspace       used 82223K, capacity 88764K, committed 89048K, reserved 1126400K
  class space    used 10465K, capacity 11910K, committed 12032K, reserved 1048576K
}
Event: 10749.227 GC heap before
{Heap before GC invocations=51 (full 3):
 PSYoungGen      total 203264K, used 203178K [0x00000000e0000000, 0x00000000ee300000, 0x0000000100000000)
  eden space 196096K, 100% used [0x00000000e0000000,0x00000000ebf80000,0x00000000ebf80000)
  from space 7168K, 98% used [0x00000000ed100000,0x00000000ed7ea930,0x00000000ed800000)
  to   space 11264K, 0% used [0x00000000ed800000,0x00000000ed800000,0x00000000ee300000)
 ParOldGen       total 81408K, used 73843K [0x00000000a0000000, 0x00000000a4f80000, 0x00000000e0000000)
  object space 81408K, 90% used [0x00000000a0000000,0x00000000a481ce20,0x00000000a4f80000)
 Metaspace       used 85071K, capacity 92634K, committed 92888K, reserved 1130496K
  class space    used 10843K, capacity 12427K, committed 12544K, reserved 1048576K
Event: 10751.103 GC heap after
Heap after GC invocations=51 (full 3):
 PSYoungGen      total 199168K, used 11257K [0x00000000e0000000, 0x00000000ee300000, 0x0000000100000000)
  eden space 187904K, 0% used [0x00000000e0000000,0x00000000e0000000,0x00000000eb780000)
  from space 11264K, 99% used [0x00000000ed800000,0x00000000ee2fe650,0x00000000ee300000)
  to   space 15872K, 0% used [0x00000000ec400000,0x00000000ec400000,0x00000000ed380000)
 ParOldGen       total 81408K, used 78802K [0x00000000a0000000, 0x00000000a4f80000, 0x00000000e0000000)
  object space 81408K, 96% used [0x00000000a0000000,0x00000000a4cf4938,0x00000000a4f80000)
 Metaspace       used 85071K, capacity 92634K, committed 92888K, reserved 1130496K
  class space    used 10843K, capacity 12427K, committed 12544K, reserved 1048576K
}
Event: 10751.103 GC heap before
{Heap before GC invocations=52 (full 4):
 PSYoungGen      total 199168K, used 11257K [0x00000000e0000000, 0x00000000ee300000, 0x0000000100000000)
  eden space 187904K, 0% used [0x00000000e0000000,0x00000000e0000000,0x00000000eb780000)
  from space 11264K, 99% used [0x00000000ed800000,0x00000000ee2fe650,0x00000000ee300000)
  to   space 15872K, 0% used [0x00000000ec400000,0x00000000ec400000,0x00000000ed380000)
 ParOldGen       total 81408K, used 78802K [0x00000000a0000000, 0x00000000a4f80000, 0x00000000e0000000)
  object space 81408K, 96% used [0x00000000a0000000,0x00000000a4cf4938,0x00000000a4f80000)
 Metaspace       used 85071K, capacity 92634K, committed 92888K, reserved 1130496K
  class space    used 10843K, capacity 12427K, committed 12544K, reserved 1048576K
Event: 10768.874 GC heap after
Heap after GC invocations=52 (full 4):
 PSYoungGen      total 199168K, used 0K [0x00000000e0000000, 0x00000000ee300000, 0x0000000100000000)
  eden space 187904K, 0% used [0x00000000e0000000,0x00000000e0000000,0x00000000eb780000)
  from space 11264K, 0% used [0x00000000ed800000,0x00000000ed800000,0x00000000ee300000)
  to   space 15872K, 0% used [0x00000000ec400000,0x00000000ec400000,0x00000000ed380000)
 ParOldGen       total 101888K, used 50133K [0x00000000a0000000, 0x00000000a6380000, 0x00000000e0000000)
  object space 101888K, 49% used [0x00000000a0000000,0x00000000a30f5578,0x00000000a6380000)
 Metaspace       used 82176K, capacity 88048K, committed 92888K, reserved 1130496K
  class space    used 10323K, capacity 11576K, committed 12544K, reserved 1048576K
}

