# JRE version: OpenJDK Runtime Environment (8.0_152-b01) (build 1.8.0_152-release-915-b01)
# Java VM: OpenJDK 64-Bit Server VM (25.152-b01 mixed mode windows-amd64 compressed oops)
Heap:
 PSYoungGen      total 319488K, used 274557K [0x00000000e0000000, 0x00000000f9600000, 0x0000000100000000)
  eden space 225280K, 100% used [0x00000000e0000000,0x00000000edc00000,0x00000000edc00000)
  from space 94208K, 52% used [0x00000000f3a00000,0x00000000f6a1f628,0x00000000f9600000)
  to   space 95232K, 9% used [0x00000000edc00000,0x00000000ee4fbbd8,0x00000000f3900000)
 ParOldGen       total 396800K, used 332486K [0x00000000a0000000, 0x00000000b8380000, 0x00000000e0000000)
  object space 396800K, 83% used [0x00000000a0000000,0x00000000b44b1a48,0x00000000b8380000)
 Metaspace       used 82458K, capacity 86882K, committed 87040K, reserved 1124352K
  class space    used 10368K, capacity 11403K, committed 11520K, reserved 1048576K
GC Heap History (10 events):
Event: 1229.980 GC heap after
Heap after GC invocations=88 (full 8):
 PSYoungGen      total 282624K, used 63002K [0x00000000e0000000, 0x00000000f7580000, 0x0000000100000000)
  eden space 189952K, 0% used [0x00000000e0000000,0x00000000e0000000,0x00000000eb980000)
  from space 92672K, 67% used [0x00000000f1680000,0x00000000f5406918,0x00000000f7100000)
  to   space 95232K, 0% used [0x00000000eb980000,0x00000000eb980000,0x00000000f1680000)
 ParOldGen       total 396800K, used 301330K [0x00000000a0000000, 0x00000000b8380000, 0x00000000e0000000)
  object space 396800K, 75% used [0x00000000a0000000,0x00000000b2644810,0x00000000b8380000)
 Metaspace       used 81327K, capacity 85306K, committed 85504K, reserved 1124352K
  class space    used 10199K, capacity 11171K, committed 11264K, reserved 1048576K
}
Event: 1232.183 GC heap before
{Heap before GC invocations=89 (full 8):
 PSYoungGen      total 282624K, used 251949K [0x00000000e0000000, 0x00000000f7580000, 0x0000000100000000)
  eden space 189952K, 99% used [0x00000000e0000000,0x00000000eb884c50,0x00000000eb980000)
  from space 92672K, 67% used [0x00000000f1680000,0x00000000f5406918,0x00000000f7100000)
  to   space 95232K, 0% used [0x00000000eb980000,0x00000000eb980000,0x00000000f1680000)
 ParOldGen       total 396800K, used 301330K [0x00000000a0000000, 0x00000000b8380000, 0x00000000e0000000)
  object space 396800K, 75% used [0x00000000a0000000,0x00000000b2644810,0x00000000b8380000)
 Metaspace       used 81620K, capacity 85638K, committed 85760K, reserved 1124352K
  class space    used 10247K, capacity 11201K, committed 11264K, reserved 1048576K
Event: 1232.301 GC heap after
Heap after GC invocations=89 (full 8):
 PSYoungGen      total 285184K, used 61711K [0x00000000e0000000, 0x00000000f8200000, 0x0000000100000000)
  eden space 189952K, 0% used [0x00000000e0000000,0x00000000e0000000,0x00000000eb980000)
  from space 95232K, 64% used [0x00000000eb980000,0x00000000ef5c3d30,0x00000000f1680000)
  to   space 96256K, 0% used [0x00000000f2400000,0x00000000f2400000,0x00000000f8200000)
 ParOldGen       total 396800K, used 301338K [0x00000000a0000000, 0x00000000b8380000, 0x00000000e0000000)
  object space 396800K, 75% used [0x00000000a0000000,0x00000000b2646810,0x00000000b8380000)
 Metaspace       used 81620K, capacity 85638K, committed 85760K, reserved 1124352K
  class space    used 10247K, capacity 11201K, committed 11264K, reserved 1048576K
}
Event: 1238.431 GC heap before
{Heap before GC invocations=90 (full 8):
 PSYoungGen      total 285184K, used 250904K [0x00000000e0000000, 0x00000000f8200000, 0x0000000100000000)
  eden space 189952K, 99% used [0x00000000e0000000,0x00000000eb8c26a0,0x00000000eb980000)
  from space 95232K, 64% used [0x00000000eb980000,0x00000000ef5c3d30,0x00000000f1680000)
  to   space 96256K, 0% used [0x00000000f2400000,0x00000000f2400000,0x00000000f8200000)
 ParOldGen       total 396800K, used 301338K [0x00000000a0000000, 0x00000000b8380000, 0x00000000e0000000)
  object space 396800K, 75% used [0x00000000a0000000,0x00000000b2646810,0x00000000b8380000)
 Metaspace       used 82202K, capacity 86382K, committed 86656K, reserved 1124352K
  class space    used 10335K, capacity 11315K, committed 11392K, reserved 1048576K
Event: 1238.572 GC heap after
Heap after GC invocations=90 (full 8):
 PSYoungGen      total 294912K, used 71568K [0x00000000e0000000, 0x00000000f8880000, 0x0000000100000000)
  eden space 198656K, 0% used [0x00000000e0000000,0x00000000e0000000,0x00000000ec200000)
  from space 96256K, 74% used [0x00000000f2400000,0x00000000f69e43a8,0x00000000f8200000)
  to   space 100352K, 0% used [0x00000000ec200000,0x00000000ec200000,0x00000000f2400000)
 ParOldGen       total 396800K, used 301346K [0x00000000a0000000, 0x00000000b8380000, 0x00000000e0000000)
  object space 396800K, 75% used [0x00000000a0000000,0x00000000b2648810,0x00000000b8380000)
 Metaspace       used 82202K, capacity 86382K, committed 86656K, reserved 1124352K
  class space    used 10335K, capacity 11315K, committed 11392K, reserved 1048576K
}
Event: 1238.618 GC heap before
{Heap before GC invocations=91 (full 8):
 PSYoungGen      total 294912K, used 270086K [0x00000000e0000000, 0x00000000f8880000, 0x0000000100000000)
  eden space 198656K, 99% used [0x00000000e0000000,0x00000000ec1dd6e8,0x00000000ec200000)
  from space 96256K, 74% used [0x00000000f2400000,0x00000000f69e43a8,0x00000000f8200000)
  to   space 100352K, 0% used [0x00000000ec200000,0x00000000ec200000,0x00000000f2400000)
 ParOldGen       total 396800K, used 301346K [0x00000000a0000000, 0x00000000b8380000, 0x00000000e0000000)
  object space 396800K, 75% used [0x00000000a0000000,0x00000000b2648810,0x00000000b8380000)
 Metaspace       used 82207K, capacity 86382K, committed 86656K, reserved 1124352K
  class space    used 10335K, capacity 11315K, committed 11392K, reserved 1048576K
Event: 1238.809 GC heap after
Heap after GC invocations=91 (full 8):
 PSYoungGen      total 299008K, used 60752K [0x00000000e0000000, 0x00000000f9b80000, 0x0000000100000000)
  eden space 198656K, 0% used [0x00000000e0000000,0x00000000e0000000,0x00000000ec200000)
  from space 100352K, 60% used [0x00000000ec200000,0x00000000efd54028,0x00000000f2400000)
  to   space 99840K, 0% used [0x00000000f3a00000,0x00000000f3a00000,0x00000000f9b80000)
 ParOldGen       total 396800K, used 301346K [0x00000000a0000000, 0x00000000b8380000, 0x00000000e0000000)
  object space 396800K, 75% used [0x00000000a0000000,0x00000000b2648810,0x00000000b8380000)
 Metaspace       used 82207K, capacity 86382K, committed 86656K, reserved 1124352K
  class space    used 10335K, capacity 11315K, committed 11392K, reserved 1048576K
}
Event: 1238.895 GC heap before
{Heap before GC invocations=92 (full 8):
 PSYoungGen      total 299008K, used 259322K [0x00000000e0000000, 0x00000000f9b80000, 0x0000000100000000)
  eden space 198656K, 99% used [0x00000000e0000000,0x00000000ec1eab60,0x00000000ec200000)
  from space 100352K, 60% used [0x00000000ec200000,0x00000000efd54028,0x00000000f2400000)
  to   space 99840K, 0% used [0x00000000f3a00000,0x00000000f3a00000,0x00000000f9b80000)
 ParOldGen       total 396800K, used 301346K [0x00000000a0000000, 0x00000000b8380000, 0x00000000e0000000)
  object space 396800K, 75% used [0x00000000a0000000,0x00000000b2648810,0x00000000b8380000)
 Metaspace       used 82208K, capacity 86382K, committed 86656K, reserved 1124352K
  class space    used 10335K, capacity 11315K, committed 11392K, reserved 1048576K
Event: 1239.088 GC heap after
Heap after GC invocations=92 (full 8):
 PSYoungGen      total 319488K, used 49277K [0x00000000e0000000, 0x00000000f9600000, 0x0000000100000000)
  eden space 225280K, 0% used [0x00000000e0000000,0x00000000e0000000,0x00000000edc00000)
  from space 94208K, 52% used [0x00000000f3a00000,0x00000000f6a1f628,0x00000000f9600000)
  to   space 95232K, 0% used [0x00000000edc00000,0x00000000edc00000,0x00000000f3900000)
 ParOldGen       total 396800K, used 312753K [0x00000000a0000000, 0x00000000b8380000, 0x00000000e0000000)
  object space 396800K, 78% used [0x00000000a0000000,0x00000000b316c478,0x00000000b8380000)
 Metaspace       used 82208K, capacity 86382K, committed 86656K, reserved 1124352K
  class space    used 10335K, capacity 11315K, committed 11392K, reserved 1048576K
}
Event: 3748.394 GC heap before
{Heap before GC invocations=93 (full 8):
 PSYoungGen      total 319488K, used 274557K [0x00000000e0000000, 0x00000000f9600000, 0x0000000100000000)
  eden space 225280K, 100% used [0x00000000e0000000,0x00000000edc00000,0x00000000edc00000)
  from space 94208K, 52% used [0x00000000f3a00000,0x00000000f6a1f628,0x00000000f9600000)
  to   space 95232K, 0% used [0x00000000edc00000,0x00000000edc00000,0x00000000f3900000)
 ParOldGen       total 396800K, used 312753K [0x00000000a0000000, 0x00000000b8380000, 0x00000000e0000000)
  object space 396800K, 78% used [0x00000000a0000000,0x00000000b316c478,0x00000000b8380000)
 Metaspace       used 82458K, capacity 86882K, committed 87040K, reserved 1124352K
  class space    used 10368K, capacity 11403K, committed 11520K, reserved 1048576K

